#! /usr/bin/vvp
:ivl_version "0.9.7 " "(v0_9_7)";
:vpi_time_precision + 0;
:vpi_module "system";
:vpi_module "v2005_math";
:vpi_module "va_math";
S_0xdab190 .scope module, "TestBench" "TestBench" 2 3;
 .timescale 0 0;
v0xdf3650_0 .var "Clk", 0 0;
v0xdf3850_0 .var "Reset", 0 0;
v0xdf3920_0 .var "Start", 0 0;
v0xdf39f0_0 .var/i "counter", 31 0;
v0xdf3a70_0 .var/i "i", 31 0;
v0xdf3af0_0 .var/i "outfile", 31 0;
S_0xdaace0 .scope module, "CPU" "CPU" 2 12, 3 1, S_0xdab190;
 .timescale 0 0;
v0xdf29a0_0 .net "ALUCtrl", 2 0, v0xda9a30_0; 1 drivers
v0xdf2a70_0 .net "ALUOp", 1 0, v0xdf26c0_0; 1 drivers
v0xdf2b40_0 .net "ALUSrc", 0 0, v0xdf2790_0; 1 drivers
v0xdf2c10_0 .net "MUX_data", 31 0, v0xdf0ea0_0; 1 drivers
v0xdf2ce0_0 .net "RS1data", 31 0, L_0xdf40e0; 1 drivers
v0xdf2db0_0 .net "RS2data", 31 0, L_0xdf4230; 1 drivers
v0xdf2ec0_0 .net "RegWrite", 0 0, v0xdf28c0_0; 1 drivers
v0xdf2f90_0 .net "Zero", 0 0, v0xdf06a0_0; 1 drivers
v0xdf3060_0 .net *"_s13", 6 0, L_0xdf4640; 1 drivers
v0xdf30e0_0 .net *"_s15", 2 0, L_0xdf47f0; 1 drivers
v0xdf31c0_0 .net "clk_i", 0 0, v0xdf3650_0; 1 drivers
v0xdf3240_0 .net "data", 31 0, v0xdf0870_0; 1 drivers
v0xdf3380_0 .net "instr", 31 0, L_0xdf3160; 1 drivers
v0xdf3400_0 .net "pc_i", 31 0, v0xdf2500_0; 1 drivers
v0xdf3550_0 .net "pc_o", 31 0, v0xdf2080_0; 1 drivers
v0xdf35d0_0 .net "rst_i", 0 0, v0xdf3850_0; 1 drivers
v0xdf3480_0 .net "sign_data", 31 0, v0xdf0b30_0; 1 drivers
v0xdf3730_0 .net "start_i", 0 0, v0xdf3920_0; 1 drivers
L_0xdf3b70 .part L_0xdf3160, 0, 7;
L_0xdf42e0 .part L_0xdf3160, 15, 5;
L_0xdf4460 .part L_0xdf3160, 20, 5;
L_0xdf4500 .part L_0xdf3160, 7, 5;
L_0xdf45a0 .part L_0xdf3160, 20, 12;
L_0xdf4640 .part L_0xdf3160, 25, 7;
L_0xdf47f0 .part L_0xdf3160, 12, 3;
L_0xdf4890 .concat [ 3 7 0 0], L_0xdf47f0, L_0xdf4640;
S_0xdf2580 .scope module, "Control" "Control" 3 30, 4 1, S_0xdaace0;
 .timescale 0 0;
v0xdf26c0_0 .var "ALUOp_o", 1 0;
v0xdf2790_0 .var "ALUSrc_o", 0 0;
v0xdf2840_0 .net "Op_i", 6 0, L_0xdf3b70; 1 drivers
v0xdf28c0_0 .var "RegWrite_o", 0 0;
E_0xdf2670 .event edge, v0xdf2840_0;
S_0xdf2260 .scope module, "Add_PC" "Adder" 3 39, 5 1, S_0xdaace0;
 .timescale 0 0;
v0xdf23c0_0 .alias "data1_in", 31 0, v0xdf3550_0;
v0xdf2460_0 .net "data2_in", 31 0, C4<00000000000000000000000000000100>; 1 drivers
v0xdf2500_0 .var "data_o", 31 0;
E_0xdf2350 .event edge, v0xdf2460_0, v0xdf1c40_0;
S_0xdf1e00 .scope module, "PC" "PC" 3 46, 6 1, S_0xdaace0;
 .timescale 0 0;
v0xdf1f30_0 .alias "clk_i", 0 0, v0xdf31c0_0;
v0xdf2000_0 .alias "pc_i", 31 0, v0xdf3400_0;
v0xdf2080_0 .var "pc_o", 31 0;
v0xdf2130_0 .alias "rst_i", 0 0, v0xdf35d0_0;
v0xdf21e0_0 .alias "start_i", 0 0, v0xdf3730_0;
E_0xdf1c10/0 .event negedge, v0xdf2130_0;
E_0xdf1c10/1 .event posedge, v0xdf1720_0;
E_0xdf1c10 .event/or E_0xdf1c10/0, E_0xdf1c10/1;
S_0xdf18a0 .scope module, "Instruction_Memory" "Instruction_Memory" 3 54, 7 1, S_0xdaace0;
 .timescale 0 0;
L_0xdf3160 .functor BUFZ 32, L_0xdf3ca0, C4<00000000000000000000000000000000>, C4<00000000000000000000000000000000>, C4<00000000000000000000000000000000>;
v0xdf1990_0 .net *"_s0", 31 0, L_0xdf3ca0; 1 drivers
v0xdf1a50_0 .net *"_s2", 31 0, L_0xdf3eb0; 1 drivers
v0xdf1af0_0 .net *"_s4", 29 0, L_0xdf3d40; 1 drivers
v0xdf1b90_0 .net *"_s6", 1 0, C4<00>; 1 drivers
v0xdf1c40_0 .alias "addr_i", 31 0, v0xdf3550_0;
v0xdf1ce0_0 .alias "instr_o", 31 0, v0xdf3380_0;
v0xdf1d80 .array "memory", 255 0, 31 0;
L_0xdf3ca0 .array/port v0xdf1d80, L_0xdf3eb0;
L_0xdf3d40 .part v0xdf2080_0, 2, 30;
L_0xdf3eb0 .concat [ 30 2 0 0], L_0xdf3d40, C4<00>;
S_0xdf1000 .scope module, "Registers" "Registers" 3 59, 8 1, S_0xdaace0;
 .timescale 0 0;
L_0xdf40e0 .functor BUFZ 32, L_0xdf4040, C4<00000000000000000000000000000000>, C4<00000000000000000000000000000000>, C4<00000000000000000000000000000000>;
L_0xdf4230 .functor BUFZ 32, L_0xdf4190, C4<00000000000000000000000000000000>, C4<00000000000000000000000000000000>, C4<00000000000000000000000000000000>;
v0xdf1120_0 .net "RDaddr_i", 4 0, L_0xdf4500; 1 drivers
v0xdf11e0_0 .alias "RDdata_i", 31 0, v0xdf3240_0;
v0xdf1290_0 .net "RS1addr_i", 4 0, L_0xdf42e0; 1 drivers
v0xdf1310_0 .alias "RS1data_o", 31 0, v0xdf2ce0_0;
v0xdf13f0_0 .net "RS2addr_i", 4 0, L_0xdf4460; 1 drivers
v0xdf1470_0 .alias "RS2data_o", 31 0, v0xdf2db0_0;
v0xdf1530_0 .alias "RegWrite_i", 0 0, v0xdf2ec0_0;
v0xdf15b0_0 .net *"_s0", 31 0, L_0xdf4040; 1 drivers
v0xdf1680_0 .net *"_s4", 31 0, L_0xdf4190; 1 drivers
v0xdf1720_0 .alias "clk_i", 0 0, v0xdf31c0_0;
v0xdf1820 .array/s "register", 31 0, 31 0;
E_0xdf10f0 .event posedge, v0xdf1720_0;
L_0xdf4040 .array/port v0xdf1820, L_0xdf42e0;
L_0xdf4190 .array/port v0xdf1820, L_0xdf4460;
S_0xdf0bd0 .scope module, "MUX_ALUSrc" "MUX32" 3 71, 9 1, S_0xdaace0;
 .timescale 0 0;
v0xdf0d30_0 .alias "data1_i", 31 0, v0xdf2db0_0;
v0xdf0df0_0 .alias "data2_i", 31 0, v0xdf3480_0;
v0xdf0ea0_0 .var "data_o", 31 0;
v0xdf0f50_0 .alias "select_i", 0 0, v0xdf2b40_0;
E_0xdf0cc0 .event edge, v0xdf0f50_0, v0xdf0b30_0, v0xdf0d30_0;
S_0xdf0910 .scope module, "Sign_Extend" "Sign_Extend" 3 80, 10 1, S_0xdaace0;
 .timescale 0 0;
v0xdf0a70_0 .net "data_i", 11 0, L_0xdf45a0; 1 drivers
v0xdf0b30_0 .var "data_o", 31 0;
E_0xdf0a00 .event edge, v0xdf0a70_0;
S_0xdf0470 .scope module, "ALU" "ALU" 3 87, 11 1, S_0xdaace0;
 .timescale 0 0;
v0xdf05d0_0 .alias "ALUCtrl_i", 2 0, v0xdf29a0_0;
v0xdf06a0_0 .var "Zero_o", 0 0;
v0xdf0720_0 .alias "data1_i", 31 0, v0xdf2ce0_0;
v0xdf07c0_0 .alias "data2_i", 31 0, v0xdf2c10_0;
v0xdf0870_0 .var "data_o", 31 0;
E_0xdf0560 .event edge, v0xda9a30_0, v0xdf07c0_0, v0xdf0720_0;
S_0xda82d0 .scope module, "ALU_Control" "ALU_Control" 3 97, 12 1, S_0xdaace0;
 .timescale 0 0;
v0xda9a30_0 .var "ALUCtrl_o", 2 0;
v0xdf0330_0 .alias "ALUOp_i", 1 0, v0xdf2a70_0;
v0xdf03d0_0 .net "funct_i", 9 0, L_0xdf4890; 1 drivers
E_0xdaab40 .event edge, v0xdf03d0_0;
    .scope S_0xdf2580;
T_0 ;
    %wait E_0xdf2670;
    %cassign/v v0xdf28c0_0, 1, 1;
    %ix/load 1, 5, 0;
    %mov 4, 0, 1;
    %jmp/1 T_0.3, 4;
    %load/x1p 8, v0xdf2840_0, 1;
    %jmp T_0.4;
T_0.3 ;
    %mov 8, 2, 1;
T_0.4 ;
; Save base=8 wid=1 in lookaside.
    %jmp/0  T_0.0, 8;
    %mov 9, 0, 1;
    %jmp/1  T_0.2, 8;
T_0.0 ; End of true expr.
    %jmp/0  T_0.1, 8;
 ; End of false expr.
    %blend  9, 1, 1; Condition unknown.
    %jmp  T_0.2;
T_0.1 ;
    %mov 9, 1, 1; Return false value
T_0.2 ;
    %cassign/v v0xdf2790_0, 9, 1;
    %ix/load 1, 5, 0;
    %mov 4, 0, 1;
    %jmp/1 T_0.8, 4;
    %load/x1p 8, v0xdf2840_0, 1;
    %jmp T_0.9;
T_0.8 ;
    %mov 8, 2, 1;
T_0.9 ;
; Save base=8 wid=1 in lookaside.
    %jmp/0  T_0.5, 8;
    %movi 10, 2, 2;
    %jmp/1  T_0.7, 8;
T_0.5 ; End of true expr.
    %jmp/0  T_0.6, 8;
 ; End of false expr.
    %blend  10, 0, 2; Condition unknown.
    %jmp  T_0.7;
T_0.6 ;
    %mov 10, 0, 2; Return false value
T_0.7 ;
    %cassign/v v0xdf26c0_0, 10, 2;
    %jmp T_0;
    .thread T_0, $push;
    .scope S_0xdf2260;
T_1 ;
    %wait E_0xdf2350;
    %load/v 12, v0xdf23c0_0, 32;
    %load/v 44, v0xdf2460_0, 32;
    %add 12, 44, 32;
    %cassign/v v0xdf2500_0, 12, 32;
    %jmp T_1;
    .thread T_1, $push;
    .scope S_0xdf1e00;
T_2 ;
    %wait E_0xdf1c10;
    %load/v 8, v0xdf2130_0, 1;
    %inv 8, 1;
    %jmp/0xz  T_2.0, 8;
    %ix/load 0, 32, 0;
    %assign/v0 v0xdf2080_0, 0, 0;
    %jmp T_2.1;
T_2.0 ;
    %load/v 8, v0xdf21e0_0, 1;
    %jmp/0xz  T_2.2, 8;
    %load/v 44, v0xdf2000_0, 32;
    %ix/load 0, 32, 0;
    %assign/v0 v0xdf2080_0, 0, 44;
    %jmp T_2.3;
T_2.2 ;
    %load/v 44, v0xdf2080_0, 32;
    %ix/load 0, 32, 0;
    %assign/v0 v0xdf2080_0, 0, 44;
T_2.3 ;
T_2.1 ;
    %jmp T_2;
    .thread T_2;
    .scope S_0xdf1000;
T_3 ;
    %wait E_0xdf10f0;
    %load/v 8, v0xdf1530_0, 1;
    %jmp/0xz  T_3.0, 8;
    %load/v 44, v0xdf11e0_0, 32;
    %ix/getv 3, v0xdf1120_0;
    %jmp/1 t_0, 4;
    %ix/load 0, 32, 0; word width
    %ix/load 1, 0, 0; part off
    %assign/av v0xdf1820, 0, 44;
t_0 ;
T_3.0 ;
    %jmp T_3;
    .thread T_3;
    .scope S_0xdf0bd0;
T_4 ;
    %wait E_0xdf0cc0;
    %load/v 8, v0xdf0f50_0, 1;
    %jmp/0  T_4.0, 8;
    %load/v 44, v0xdf0df0_0, 32;
    %jmp/1  T_4.2, 8;
T_4.0 ; End of true expr.
    %load/v 76, v0xdf0d30_0, 32;
    %jmp/0  T_4.1, 8;
 ; End of false expr.
    %blend  44, 76, 32; Condition unknown.
    %jmp  T_4.2;
T_4.1 ;
    %mov 44, 76, 32; Return false value
T_4.2 ;
    %set/v v0xdf0ea0_0, 44, 32;
    %jmp T_4;
    .thread T_4, $push;
    .scope S_0xdf0910;
T_5 ;
    %wait E_0xdf0a00;
    %load/v 44, v0xdf0a70_0, 12;
    %ix/load 0, 0, 0;
    %set/x0 v0xdf0b30_0, 44, 12;
    %ix/load 1, 11, 0;
    %mov 4, 0, 1;
    %jmp/1 T_5.0, 4;
    %load/x1p 8, v0xdf0a70_0, 1;
    %jmp T_5.1;
T_5.0 ;
    %mov 8, 2, 1;
T_5.1 ;
    %mov 44, 8, 1; Move signal select into place
    %mov 63, 44, 1; Repetition 20
    %mov 62, 44, 1; Repetition 19
    %mov 61, 44, 1; Repetition 18
    %mov 60, 44, 1; Repetition 17
    %mov 59, 44, 1; Repetition 16
    %mov 58, 44, 1; Repetition 15
    %mov 57, 44, 1; Repetition 14
    %mov 56, 44, 1; Repetition 13
    %mov 55, 44, 1; Repetition 12
    %mov 54, 44, 1; Repetition 11
    %mov 53, 44, 1; Repetition 10
    %mov 52, 44, 1; Repetition 9
    %mov 51, 44, 1; Repetition 8
    %mov 50, 44, 1; Repetition 7
    %mov 49, 44, 1; Repetition 6
    %mov 48, 44, 1; Repetition 5
    %mov 47, 44, 1; Repetition 4
    %mov 46, 44, 1; Repetition 3
    %mov 45, 44, 1; Repetition 2
    %ix/load 0, 12, 0;
    %set/x0 v0xdf0b30_0, 44, 20;
    %jmp T_5;
    .thread T_5, $push;
    .scope S_0xdf0470;
T_6 ;
    %wait E_0xdf0560;
    %load/v 44, v0xdf05d0_0, 3;
    %cmpi/u 44, 0, 3;
    %jmp/1 T_6.0, 6;
    %cmpi/u 44, 1, 3;
    %jmp/1 T_6.1, 6;
    %cmpi/u 44, 2, 3;
    %jmp/1 T_6.2, 6;
    %cmpi/u 44, 3, 3;
    %jmp/1 T_6.3, 6;
    %cmpi/u 44, 4, 3;
    %jmp/1 T_6.4, 6;
    %cmpi/u 44, 5, 3;
    %jmp/1 T_6.5, 6;
    %cmpi/u 44, 6, 3;
    %jmp/1 T_6.6, 6;
    %cmpi/u 44, 7, 3;
    %jmp/1 T_6.7, 6;
    %jmp T_6.8;
T_6.0 ;
    %load/v 44, v0xdf0720_0, 32;
    %load/v 76, v0xdf07c0_0, 32;
    %and 44, 76, 32;
    %set/v v0xdf0870_0, 44, 32;
    %jmp T_6.8;
T_6.1 ;
    %load/v 44, v0xdf0720_0, 32;
    %load/v 76, v0xdf07c0_0, 32;
    %xor 44, 76, 32;
    %set/v v0xdf0870_0, 44, 32;
    %jmp T_6.8;
T_6.2 ;
    %load/v 44, v0xdf0720_0, 32;
    %load/v 76, v0xdf07c0_0, 32;
    %ix/get 0, 76, 32;
    %shiftl/i0  44, 32;
    %set/v v0xdf0870_0, 44, 32;
    %jmp T_6.8;
T_6.3 ;
    %load/v 44, v0xdf0720_0, 32;
    %load/v 76, v0xdf07c0_0, 32;
    %add 44, 76, 32;
    %set/v v0xdf0870_0, 44, 32;
    %jmp T_6.8;
T_6.4 ;
    %load/v 44, v0xdf0720_0, 32;
    %load/v 76, v0xdf07c0_0, 32;
    %sub 44, 76, 32;
    %set/v v0xdf0870_0, 44, 32;
    %jmp T_6.8;
T_6.5 ;
    %load/v 44, v0xdf0720_0, 32;
    %load/v 76, v0xdf07c0_0, 32;
    %mul 44, 76, 32;
    %set/v v0xdf0870_0, 44, 32;
    %jmp T_6.8;
T_6.6 ;
    %load/v 44, v0xdf0720_0, 32;
    %load/v 76, v0xdf07c0_0, 32;
    %add 44, 76, 32;
    %set/v v0xdf0870_0, 44, 32;
    %jmp T_6.8;
T_6.7 ;
    %load/v 44, v0xdf0720_0, 32;
    %load/v 76, v0xdf07c0_0, 5; Only need 5 of 32 bits
; Save base=76 wid=5 in lookaside.
    %ix/get 0, 76, 5;
    %shiftr/i0  44, 32;
    %set/v v0xdf0870_0, 44, 32;
    %jmp T_6.8;
T_6.8 ;
    %load/v 44, v0xdf0870_0, 32;
    %cmpi/u 44, 0, 32;
    %jmp/0xz  T_6.9, 4;
    %set/v v0xdf06a0_0, 1, 1;
    %jmp T_6.10;
T_6.9 ;
    %set/v v0xdf06a0_0, 0, 1;
T_6.10 ;
    %jmp T_6;
    .thread T_6, $push;
    .scope S_0xda82d0;
T_7 ;
    %wait E_0xdaab40;
    %load/v 44, v0xdf03d0_0, 10;
    %cmpi/u 44, 7, 10;
    %jmp/0xz  T_7.0, 4;
    %set/v v0xda9a30_0, 0, 3;
    %jmp T_7.1;
T_7.0 ;
    %load/v 44, v0xdf03d0_0, 10;
    %cmpi/u 44, 4, 10;
    %jmp/0xz  T_7.2, 4;
    %movi 44, 1, 3;
    %set/v v0xda9a30_0, 44, 3;
    %jmp T_7.3;
T_7.2 ;
    %load/v 44, v0xdf03d0_0, 10;
    %cmpi/u 44, 1, 10;
    %jmp/0xz  T_7.4, 4;
    %movi 44, 2, 3;
    %set/v v0xda9a30_0, 44, 3;
    %jmp T_7.5;
T_7.4 ;
    %load/v 44, v0xdf03d0_0, 10;
    %cmpi/u 44, 0, 10;
    %mov 8, 4, 1;
    %load/v 44, v0xdf0330_0, 2;
    %cmpi/u 44, 2, 2;
    %mov 44, 4, 1;
    %and 8, 44, 1;
    %jmp/0xz  T_7.6, 8;
    %movi 44, 3, 3;
    %set/v v0xda9a30_0, 44, 3;
    %jmp T_7.7;
T_7.6 ;
    %load/v 44, v0xdf03d0_0, 10;
    %cmpi/u 44, 256, 10;
    %mov 8, 4, 1;
    %load/v 44, v0xdf0330_0, 2;
    %cmpi/u 44, 2, 2;
    %mov 44, 4, 1;
    %and 8, 44, 1;
    %jmp/0xz  T_7.8, 8;
    %movi 44, 4, 3;
    %set/v v0xda9a30_0, 44, 3;
    %jmp T_7.9;
T_7.8 ;
    %load/v 44, v0xdf03d0_0, 10;
    %cmpi/u 44, 8, 10;
    %mov 8, 4, 1;
    %load/v 44, v0xdf0330_0, 2;
    %cmpi/u 44, 2, 2;
    %mov 44, 4, 1;
    %and 8, 44, 1;
    %jmp/0xz  T_7.10, 8;
    %movi 44, 5, 3;
    %set/v v0xda9a30_0, 44, 3;
    %jmp T_7.11;
T_7.10 ;
    %load/v 44, v0xdf03d0_0, 3; Only need 3 of 10 bits
; Save base=44 wid=3 in lookaside.
    %cmpi/u 44, 0, 3;
    %mov 8, 4, 1;
    %load/v 44, v0xdf0330_0, 2;
    %cmpi/u 44, 0, 2;
    %mov 44, 4, 1;
    %and 8, 44, 1;
    %jmp/0xz  T_7.12, 8;
    %movi 44, 6, 3;
    %set/v v0xda9a30_0, 44, 3;
    %jmp T_7.13;
T_7.12 ;
    %set/v v0xda9a30_0, 1, 3;
T_7.13 ;
T_7.11 ;
T_7.9 ;
T_7.7 ;
T_7.5 ;
T_7.3 ;
T_7.1 ;
    %jmp T_7;
    .thread T_7, $push;
    .scope S_0xdab190;
T_8 ;
    %delay 25, 0;
    %load/v 8, v0xdf3650_0, 1;
    %inv 8, 1;
    %set/v v0xdf3650_0, 8, 1;
    %jmp T_8;
    .thread T_8;
    .scope S_0xdab190;
T_9 ;
    %vpi_call 2 20 "$dumpfile", "hw4.vcd";
    %vpi_call 2 21 "$dumpvars";
    %set/v v0xdf39f0_0, 0, 32;
    %set/v v0xdf3a70_0, 0, 32;
T_9.0 ;
    %load/v 44, v0xdf3a70_0, 32;
   %cmpi/s 44, 256, 32;
    %jmp/0xz T_9.1, 5;
    %ix/getv/s 3, v0xdf3a70_0;
   %jmp/1 t_1, 4;
   %ix/load 1, 0, 0;
   %set/av v0xdf1d80, 0, 32;
t_1 ;
    %ix/load 0, 1, 0;
    %load/vp0/s 44, v0xdf3a70_0, 32;
    %set/v v0xdf3a70_0, 44, 32;
    %jmp T_9.0;
T_9.1 ;
    %set/v v0xdf3a70_0, 0, 32;
T_9.2 ;
    %load/v 44, v0xdf3a70_0, 32;
   %cmpi/s 44, 32, 32;
    %jmp/0xz T_9.3, 5;
    %ix/getv/s 3, v0xdf3a70_0;
   %jmp/1 t_2, 4;
   %ix/load 1, 0, 0;
   %set/av v0xdf1820, 0, 32;
t_2 ;
    %ix/load 0, 1, 0;
    %load/vp0/s 44, v0xdf3a70_0, 32;
    %set/v v0xdf3a70_0, 44, 32;
    %jmp T_9.2;
T_9.3 ;
    %vpi_call 2 37 "$readmemb", "instruction.txt", v0xdf1d80;
    %vpi_func 2 40 "$fopen", 44, 32, "output.txt";
    %movi 76, 1, 32;
    %or 44, 76, 32;
    %set/v v0xdf3af0_0, 44, 32;
    %set/v v0xdf3650_0, 0, 1;
    %set/v v0xdf3850_0, 0, 1;
    %set/v v0xdf3920_0, 0, 1;
    %delay 12, 0;
    %set/v v0xdf3850_0, 1, 1;
    %set/v v0xdf3920_0, 1, 1;
    %end;
    .thread T_9;
    .scope S_0xdab190;
T_10 ;
    %wait E_0xdf10f0;
    %load/v 44, v0xdf39f0_0, 32;
    %cmpi/u 44, 30, 32;
    %jmp/0xz  T_10.0, 4;
    %vpi_call 2 55 "$finish";
T_10.0 ;
    %vpi_call 2 58 "$fdisplay", v0xdf3af0_0, "PC = %d", v0xdf2080_0;
    %vpi_call 2 61 "$fdisplay", v0xdf3af0_0, "Registers";
    %vpi_call 2 62 "$fdisplay", v0xdf3af0_0, "x0     = %d, x8(s0)  = %d, x16(a6) = %d, x24(s8)  = %d", &A<v0xdf1820, 0>, &A<v0xdf1820, 8>, &A<v0xdf1820, 16>, &A<v0xdf1820, 24>;
    %vpi_call 2 63 "$fdisplay", v0xdf3af0_0, "x1(ra) = %d, x9(s1)  = %d, x17(a7) = %d, x25(s9)  = %d", &A<v0xdf1820, 1>, &A<v0xdf1820, 9>, &A<v0xdf1820, 17>, &A<v0xdf1820, 25>;
    %vpi_call 2 64 "$fdisplay", v0xdf3af0_0, "x2(sp) = %d, x10(a0) = %d, x18(s2) = %d, x26(s10) = %d", &A<v0xdf1820, 2>, &A<v0xdf1820, 10>, &A<v0xdf1820, 18>, &A<v0xdf1820, 26>;
    %vpi_call 2 65 "$fdisplay", v0xdf3af0_0, "x3(gp) = %d, x11(a1) = %d, x19(s3) = %d, x27(s11) = %d", &A<v0xdf1820, 3>, &A<v0xdf1820, 11>, &A<v0xdf1820, 19>, &A<v0xdf1820, 27>;
    %vpi_call 2 66 "$fdisplay", v0xdf3af0_0, "x4(tp) = %d, x12(a2) = %d, x20(s4) = %d, x28(t3)  = %d", &A<v0xdf1820, 4>, &A<v0xdf1820, 12>, &A<v0xdf1820, 20>, &A<v0xdf1820, 28>;
    %vpi_call 2 67 "$fdisplay", v0xdf3af0_0, "x5(t0) = %d, x13(a3) = %d, x21(s5) = %d, x29(t4)  = %d", &A<v0xdf1820, 5>, &A<v0xdf1820, 13>, &A<v0xdf1820, 21>, &A<v0xdf1820, 29>;
    %vpi_call 2 68 "$fdisplay", v0xdf3af0_0, "x6(t1) = %d, x14(a4) = %d, x22(s6) = %d, x30(t5)  = %d", &A<v0xdf1820, 6>, &A<v0xdf1820, 14>, &A<v0xdf1820, 22>, &A<v0xdf1820, 30>;
    %vpi_call 2 69 "$fdisplay", v0xdf3af0_0, "x7(t2) = %d, x15(a5) = %d, x23(s7) = %d, x31(t6)  = %d", &A<v0xdf1820, 7>, &A<v0xdf1820, 15>, &A<v0xdf1820, 23>, &A<v0xdf1820, 31>;
    %vpi_call 2 71 "$fdisplay", v0xdf3af0_0, "\012";
    %load/v 44, v0xdf39f0_0, 32;
    %mov 76, 75, 1;
    %addi 44, 1, 33;
    %set/v v0xdf39f0_0, 44, 32;
    %jmp T_10;
    .thread T_10;
# The file index is used to find the file name in the following table.
:file_names 13;
    "N/A";
    "<interactive>";
    "testbench.v";
    "CPU.v";
    "Control.v";
    "Adder.v";
    "PC.v";
    "Instruction_Memory.v";
    "Registers.v";
    "MUX32.v";
    "Sign_Extend.v";
    "ALU.v";
    "ALU_Control.v";
